2024-09-19 15:52:56,294 - start_files.routes.routes - INFO - Rendering buying page
2024-09-19 15:53:07,800 - start_files.routes.routes - INFO - Rendering home page
2024-09-19 15:55:05,337 - start_files.routes.routes - INFO - Rendering buying page
2024-09-19 15:55:16,577 - start_files.routes.routes - INFO - Rendering buying page
2024-09-19 15:55:30,866 - start_files.routes.routes - INFO - Rendering buying page
2024-09-19 15:57:25,672 - start_files.routes.routes - INFO - Rendering buying page
2024-09-19 16:00:20,142 - start_files.routes.routes - INFO - Rendering home page
2024-09-19 16:08:56,364 - start_files.routes.routes - INFO - Rendering buying page
2024-09-19 16:09:09,300 - start_files.routes.routes - INFO - Rendering buying page
2024-09-19 16:09:29,385 - start_files.routes.routes - INFO - Rendering rentals page
2024-09-19 16:09:39,323 - start_files.routes.routes - INFO - Rendering home page
2024-09-19 16:10:09,915 - start_files.routes.routes - INFO - Rendering buying page
2024-09-19 16:10:14,188 - start_files.routes.routes - INFO - Rendering buying page
2024-09-19 16:13:27,569 - start_files.routes.routes - INFO - Rendering buying page
2024-09-19 16:15:15,930 - start_files.routes.routes - INFO - Rendering buying page
2024-09-19 16:16:13,808 - start_files.routes.routes - INFO - Rendering buying page
2024-09-19 16:16:26,132 - start_files.routes.routes - INFO - Rendering buying page
2024-09-19 16:16:26,997 - start_files.routes.routes - INFO - Rendering buying page
2024-09-19 16:17:27,692 - start_files.routes.routes - INFO - Rendering buying page
2024-09-19 16:19:10,172 - start_files.routes.routes - INFO - Rendering buying page
2024-09-19 16:19:57,226 - start_files.routes.routes - INFO - Rendering home page
2024-09-19 16:20:01,107 - start_files.routes.routes - INFO - Rendering rentals page
2024-09-19 16:20:09,164 - start_files.routes.routes - INFO - Rendering buying page
2024-09-19 16:22:26,607 - start_files.routes.routes - INFO - Rendering buying page
2024-09-19 16:22:38,345 - start_files.routes.routes - INFO - Rendering buying page
2024-09-19 16:22:52,523 - start_files.routes.routes - INFO - Rendering buying page
2024-09-19 16:23:53,895 - start_files.routes.routes - INFO - Rendering buying page
2024-09-19 16:24:26,318 - start_files.routes.routes - INFO - Rendering buying page
2024-09-19 16:24:46,812 - start_files.routes.routes - INFO - Rendering buying page
2024-09-19 16:33:26,727 - start_files.routes.routes - INFO - Rendering buying page
2024-09-19 16:36:58,719 - start_files.routes.routes - INFO - Rendering rentals page
2024-09-19 16:37:50,052 - start_files.routes.routes - INFO - Rendering rentals page
2024-09-19 16:42:57,422 - start_files.routes.routes - INFO - Rendering rentals page
2024-09-19 16:47:29,404 - start_files.routes.routes - INFO - Rendering rentals page
2024-09-19 16:51:07,250 - start_files.routes.routes - INFO - Rendering rentals page
2024-09-19 16:53:29,391 - start_files.routes.routes - INFO - Rendering rentals page
2024-09-19 16:53:48,780 - start_files.routes.routes - INFO - Rendering home page
2024-09-19 16:54:10,871 - start_files.routes.routes - INFO - Rendering rentals page
2024-09-19 16:59:12,721 - start_files.routes.routes - INFO - Rendering home page
2024-09-19 16:59:43,167 - start_files.routes.routes - INFO - Rendering rentals page
2024-09-19 17:03:03,188 - start_files.routes.routes - INFO - Rendering rentals page
2024-09-19 17:03:57,731 - start_files.routes.routes - INFO - Rendering rentals page
2024-09-19 17:04:15,881 - start_files.routes.routes - INFO - Rendering home page
2024-09-19 17:04:44,490 - start_files.routes.routes - INFO - Rendering rentals page
2024-09-19 17:16:03,780 - start_files.routes.routes - INFO - Rendering rentals page
2024-09-19 17:16:35,201 - start_files.routes.routes - INFO - Rendering home page
2024-09-19 17:16:42,766 - start_files.routes.routes - INFO - Rendering rentals page
2024-09-19 17:17:31,745 - start_files.routes.routes - INFO - Rendering rentals page
2024-09-19 17:21:10,746 - start_files.routes.routes - INFO - Rendering rentals page
2024-09-19 17:21:22,284 - start_files.routes.routes - INFO - Rendering rentals page
2024-09-19 17:22:24,138 - start_files.routes.routes - INFO - Rendering rentals page
2024-09-19 17:22:34,166 - start_files.routes.routes - INFO - Rendering home page
2024-09-19 17:22:36,442 - start_files.routes.routes - INFO - Rendering rentals page
2024-09-19 17:23:08,768 - start_files.routes.routes - INFO - Rendering rentals page
2024-09-19 17:27:27,045 - start_files.routes.routes - INFO - Rendering rentals page
2024-09-19 17:30:10,661 - start_files.routes.routes - INFO - Rendering home page
2024-09-19 17:30:11,479 - start_files.routes.routes - INFO - Rendering contact page
2024-09-19 17:30:12,323 - start_files.routes.routes - INFO - Received contact form submission from pageranktechnology@gmail.com
2024-09-19 17:30:12,696 - start_files.routes.routes - INFO - SendGrid response status code: 202
2024-09-19 17:30:12,696 - start_files.routes.routes - INFO - Contact form submission successful, redirecting user.
2024-09-19 17:30:13,178 - start_files.routes.routes - INFO - Rendering contact page
2024-09-19 17:42:57,307 - start_files.routes.routes - INFO - Rendering buying page
2024-09-19 17:43:21,384 - start_files.routes.routes - INFO - Rendering home page
2024-09-19 17:49:20,308 - start_files.routes.routes - INFO - Rendering home page
2024-09-19 17:49:53,493 - start_files.routes.routes - INFO - Rendering home page
2024-09-19 18:03:33,904 - start_files.routes.routes - INFO - Rendering rentals page
2024-09-19 18:23:48,594 - start_files.routes.routes - INFO - Rendering home page
2024-09-19 18:24:38,222 - start_files.routes.routes - INFO - Rendering home page
2024-09-19 18:27:49,185 - start_files.routes.routes - INFO - Rendering home page
2024-09-19 18:51:05,029 - start_files.routes.routes - INFO - Rendering home page
2024-09-19 18:53:22,793 - start_files.routes.routes - INFO - Rendering home page
2024-09-19 18:54:46,690 - start_files.routes.routes - INFO - Rendering home page
2024-09-19 19:05:14,328 - start_files.routes.routes - INFO - Rendering home page
2024-09-19 19:08:16,150 - start_files.routes.routes - INFO - Rendering home page
2024-09-19 19:08:21,639 - start_files.routes.routes - INFO - Rendering home page
2024-09-19 19:34:10,924 - start_files.routes.routes - INFO - Rendering home page
2024-09-19 19:34:12,738 - start_files.routes.routes - INFO - Rendering rentals page
2024-09-19 19:41:12,367 - start_files.routes.routes - INFO - Rendering rentals page
2024-09-19 19:47:57,669 - start_files.routes.routes - INFO - Rendering rentals page
2024-09-19 19:50:52,855 - start_files.routes.routes - INFO - Rendering rentals page
2024-09-19 19:55:05,156 - start_files.routes.routes - INFO - Rendering rentals page
2024-09-19 19:57:43,169 - start_files.routes.routes - INFO - Rendering rentals page
2024-09-19 20:01:00,184 - start_files.routes.routes - INFO - Rendering rentals page
2024-09-19 20:01:14,018 - start_files.routes.routes - INFO - Rendering home page
2024-09-19 20:03:32,903 - start_files.routes.routes - INFO - Rendering rentals page
2024-09-19 20:03:44,793 - start_files.routes.routes - INFO - Rendering rentals page
2024-09-19 20:05:30,026 - start_files.routes.routes - INFO - Rendering rentals page
2024-09-19 20:05:50,845 - start_files.routes.routes - INFO - Rendering rentals page
2024-09-19 20:06:47,061 - start_files.routes.routes - INFO - Rendering rentals page
2024-09-19 20:13:16,730 - start_files.routes.routes - INFO - Rendering rentals page
2024-09-19 20:14:53,395 - start_files.routes.routes - INFO - Rendering home page
2024-09-19 20:14:55,603 - start_files.routes.routes - INFO - Rendering rentals page
2024-09-19 20:15:08,967 - start_files.routes.routes - INFO - Rendering rentals page
2024-09-19 20:18:47,553 - start_files.routes.routes - INFO - Rendering rentals page
2024-09-19 20:19:47,048 - start_files.routes.routes - INFO - Rendering rentals page
2024-09-19 20:20:31,344 - start_files.routes.routes - INFO - Rendering rentals page
2024-09-19 20:45:12,218 - start_files.routes.routes - INFO - Rendering rentals page
2024-09-19 20:45:34,636 - start_files.routes.routes - INFO - Rendering buying page
2024-09-19 20:45:44,227 - start_files.routes.routes - INFO - Rendering buying page
2024-09-19 20:47:54,477 - start_files.routes.routes - INFO - Rendering buying page
2024-09-19 20:48:53,105 - start_files.routes.routes - INFO - Rendering rentals page
2024-09-19 21:03:40,417 - start_files.routes.routes - INFO - Rendering home page
2024-09-19 21:03:56,757 - start_files.routes.routes - INFO - Rendering home page
2024-09-19 21:04:11,753 - start_files.routes.routes - INFO - Rendering home page
2024-09-19 21:10:03,214 - start_files.routes.routes - INFO - Rendering rentals page
2024-09-19 21:10:23,484 - start_files.routes.routes - INFO - Rendering rentals page
2024-09-19 21:10:54,851 - start_files.routes.routes - INFO - Rendering rentals page
2024-09-19 21:11:08,154 - start_files.routes.routes - INFO - Rendering rentals page
2024-09-19 21:11:18,924 - start_files.routes.routes - INFO - Rendering rentals page
2024-09-19 21:11:23,260 - start_files.routes.routes - INFO - Rendering home page
2024-09-19 21:11:25,196 - start_files.routes.routes - INFO - Rendering rentals page
2024-09-19 21:11:34,503 - start_files.routes.routes - INFO - Rendering rentals page
2024-09-19 21:11:38,553 - start_files.routes.routes - INFO - Rendering buying page
2024-09-19 21:12:35,309 - start_files.routes.routes - INFO - Rendering buying page
2024-09-19 21:12:49,482 - start_files.routes.routes - INFO - Rendering rentals page
2024-09-19 21:18:42,245 - start_files.routes.routes - INFO - Rendering home page
2024-09-19 21:18:46,989 - start_files.routes.routes - INFO - Rendering rentals page
2024-09-19 21:19:04,942 - start_files.routes.routes - INFO - Rendering rentals page
2024-09-19 21:21:34,018 - start_files.routes.routes - INFO - Rendering rentals page
2024-09-19 21:21:46,561 - start_files.routes.routes - INFO - Rendering buying page
2024-09-19 21:23:03,332 - start_files.routes.routes - INFO - Rendering rentals page
2024-09-19 21:23:21,780 - start_files.routes.routes - INFO - Rendering rentals page
2024-09-19 21:27:47,267 - start_files.routes.routes - INFO - Rendering rentals page
2024-09-19 21:29:14,770 - start_files.routes.routes - INFO - Rendering rentals page
2024-09-19 21:29:25,358 - start_files.routes.routes - INFO - Rendering buying page
2024-09-19 21:29:58,077 - start_files.routes.routes - INFO - Rendering buying page
2024-09-19 21:31:02,880 - start_files.routes.routes - INFO - Rendering buying page
2024-09-19 21:32:24,517 - start_files.routes.routes - INFO - Rendering home page
2024-09-19 21:32:50,737 - start_files.routes.routes - INFO - Rendering buying page
2024-09-19 21:33:29,029 - start_files.routes.routes - INFO - Rendering home page
2024-09-19 21:34:08,797 - start_files.routes.routes - INFO - Rendering rentals page
2024-09-19 21:34:50,979 - start_files.routes.routes - INFO - Rendering rentals page
2024-09-19 21:35:38,330 - start_files.routes.routes - INFO - Rendering rentals page
2024-09-19 21:36:35,235 - start_files.routes.routes - INFO - Rendering rentals page
2024-09-19 21:36:47,310 - start_files.routes.routes - INFO - Rendering buying page
2024-09-19 21:38:03,009 - start_files.routes.routes - INFO - Rendering home page
2024-09-19 21:38:05,351 - start_files.routes.routes - INFO - Rendering rentals page
2024-09-19 21:38:23,949 - start_files.routes.routes - INFO - Rendering buying page
2024-09-19 21:38:54,380 - start_files.routes.routes - INFO - Rendering buying page
2024-09-19 21:38:54,421 - start_files.routes.routes - INFO - Rendering home page
2024-09-19 21:38:58,890 - start_files.routes.routes - INFO - Rendering rentals page
2024-09-19 21:39:12,530 - start_files.routes.routes - INFO - Rendering buying page
2024-09-19 21:43:22,904 - start_files.routes.routes - INFO - Rendering home page
2024-09-19 21:49:16,645 - start_files.routes.routes - INFO - Rendering buying page
2024-09-19 21:51:43,519 - start_files.routes.routes - INFO - Rendering buying page
2024-09-19 21:51:46,318 - start_files.routes.routes - INFO - Rendering home page
2024-09-19 21:51:48,429 - start_files.routes.routes - INFO - Rendering rentals page
2024-09-19 21:51:55,259 - start_files.routes.routes - INFO - Rendering buying page
2024-09-19 21:52:06,669 - start_files.routes.routes - INFO - Rendering buying page
2024-09-19 21:52:22,778 - start_files.routes.routes - INFO - Rendering rentals page
2024-09-19 21:53:14,843 - start_files.routes.routes - INFO - Rendering rentals page
2024-09-19 21:53:20,522 - start_files.routes.routes - INFO - Rendering buying page
2024-09-19 22:00:46,367 - start_files.routes.routes - INFO - Rendering home page
2024-09-19 22:00:49,659 - start_files.routes.routes - INFO - Rendering rentals page
2024-09-19 22:01:03,914 - start_files.routes.routes - INFO - Rendering buying page
2024-09-19 22:02:59,340 - start_files.routes.routes - INFO - Rendering buying page
2024-09-19 22:03:20,412 - start_files.routes.routes - INFO - Rendering home page
2024-09-19 22:05:51,670 - start_files.routes.routes - INFO - Rendering home page
2024-09-19 22:08:38,915 - start_files.routes.routes - INFO - Rendering buying page
2024-09-19 22:13:01,312 - start_files.routes.routes - INFO - Rendering home page
2024-09-19 22:17:25,316 - start_files.routes.routes - INFO - Rendering home page
2024-09-19 23:11:12,210 - start_files.routes.routes - INFO - Rendering home page
2024-09-19 23:11:20,327 - start_files.routes.routes - INFO - Rendering rentals page
2024-09-19 23:12:20,680 - start_files.routes.routes - INFO - Rendering home page
2024-09-19 23:15:21,907 - start_files.routes.routes - INFO - Rendering rentals page
2024-09-19 23:15:22,907 - start_files.routes.routes - INFO - Rendering home page
2024-09-19 23:15:25,159 - start_files.routes.routes - INFO - Rendering home page
2024-09-19 23:15:30,642 - start_files.routes.routes - INFO - Rendering buying page
2024-09-19 23:21:21,825 - start_files.routes.routes - INFO - Rendering buying page
2024-09-19 23:25:03,780 - start_files.routes.routes - INFO - Rendering home page
2024-09-19 23:26:56,682 - start_files.routes.routes - INFO - Rendering buying page
2024-09-19 23:27:00,945 - start_files.routes.routes - INFO - Rendering rentals page
2024-09-19 23:27:15,404 - start_files.routes.routes - INFO - Rendering rentals page
2024-09-19 23:29:03,898 - start_files.routes.routes - INFO - Rendering rentals page
2024-09-19 23:29:05,709 - start_files.routes.routes - INFO - Rendering rentals page
2024-09-19 23:34:48,656 - start_files.routes.routes - INFO - Rendering rentals page
2024-09-19 23:34:58,087 - start_files.routes.routes - INFO - Rendering buying page
2024-09-19 23:39:53,419 - start_files.routes.routes - INFO - Rendering buying page
2024-09-19 23:39:58,543 - start_files.routes.routes - INFO - Rendering buying page
2024-09-19 23:40:35,062 - start_files.routes.routes - INFO - Rendering buying page
2024-09-19 23:41:41,075 - start_files.routes.routes - INFO - Rendering buying page
2024-09-19 23:42:49,345 - start_files.routes.routes - INFO - Rendering buying page
2024-09-19 23:42:49,383 - start_files.routes.routes - INFO - Rendering buying page
2024-09-19 23:43:21,864 - start_files.routes.routes - INFO - Rendering buying page
2024-09-19 23:45:00,212 - start_files.routes.routes - INFO - Rendering buying page
2024-09-19 23:45:07,205 - start_files.routes.routes - INFO - Rendering rentals page
2024-09-19 23:45:13,039 - start_files.routes.routes - INFO - Rendering buying page
2024-09-19 23:56:21,386 - start_files.routes.routes - INFO - Rendering buying page
2024-09-19 23:56:32,852 - start_files.routes.routes - INFO - Rendering buying page
2024-09-19 23:56:52,703 - start_files.routes.routes - INFO - Rendering buying page
2024-09-20 00:00:02,567 - start_files.routes.routes - INFO - Rendering buying page
2024-09-20 00:00:10,124 - start_files.routes.routes - INFO - Rendering buying page
2024-09-20 00:00:51,076 - start_files.routes.routes - INFO - Rendering buying page
2024-09-20 00:03:04,536 - start_files.routes.routes - INFO - Rendering home page
2024-09-20 00:05:09,208 - start_files.routes.routes - INFO - Rendering home page
2024-09-20 00:05:10,377 - start_files.routes.routes - INFO - Rendering rentals page
2024-09-20 00:05:16,592 - start_files.routes.routes - INFO - Rendering buying page
2024-09-20 00:10:14,963 - start_files.routes.routes - INFO - Rendering buying page
2024-09-20 00:10:22,469 - start_files.routes.routes - INFO - Rendering buying page
2024-09-20 00:11:01,132 - start_files.routes.routes - INFO - Rendering home page
2024-09-20 00:12:33,376 - start_files.routes.routes - INFO - Rendering rentals page
2024-09-20 00:12:37,242 - start_files.routes.routes - INFO - Rendering home page
2024-09-20 00:12:38,681 - start_files.routes.routes - INFO - Rendering buying page
2024-09-20 00:12:58,735 - start_files.routes.routes - INFO - Rendering buying page
2024-09-20 00:13:06,010 - start_files.routes.routes - INFO - Rendering buying page
2024-09-20 00:13:13,788 - start_files.routes.routes - INFO - Rendering buying page
2024-09-20 00:14:57,985 - start_files.routes.routes - INFO - Rendering rentals page
2024-09-20 00:14:59,738 - start_files.routes.routes - INFO - Rendering home page
2024-09-20 00:15:00,440 - start_files.routes.routes - INFO - Rendering buying page
2024-09-20 00:16:57,532 - start_files.routes.routes - INFO - Rendering buying page
2024-09-20 00:17:21,068 - start_files.routes.routes - INFO - Rendering rentals page
2024-09-20 00:17:33,391 - start_files.routes.routes - INFO - Rendering rentals page
2024-09-20 00:17:59,476 - start_files.routes.routes - INFO - Rendering buying page
2024-09-20 00:17:59,986 - start_files.routes.routes - INFO - Rendering resources page
2024-09-20 00:18:05,428 - start_files.routes.routes - INFO - Rendering home page
2024-09-20 00:18:07,798 - start_files.routes.routes - INFO - Rendering buying page
2024-09-20 00:19:17,399 - start_files.routes.routes - INFO - Rendering buying page
2024-09-20 00:19:28,646 - start_files.routes.routes - INFO - Rendering buying page
2024-09-20 00:20:52,065 - start_files.routes.routes - INFO - Rendering buying page
2024-09-20 00:21:03,800 - start_files.routes.routes - INFO - Rendering buying page
2024-09-20 00:21:56,776 - start_files.routes.routes - INFO - Rendering rentals page
2024-09-20 00:22:17,933 - start_files.routes.routes - INFO - Rendering buying page
2024-09-20 00:22:31,747 - start_files.routes.routes - INFO - Rendering buying page
2024-09-20 00:22:38,915 - start_files.routes.routes - INFO - Rendering buying page
2024-09-20 00:22:48,086 - start_files.routes.routes - INFO - Rendering buying page
2024-09-20 00:23:27,387 - start_files.routes.routes - INFO - Rendering buying page
2024-09-20 00:28:36,800 - start_files.routes.routes - INFO - Rendering buying page
2024-09-20 00:28:52,583 - start_files.routes.routes - INFO - Rendering buying page
2024-09-20 00:32:39,236 - start_files.routes.routes - INFO - Rendering buying page
2024-09-20 00:33:01,548 - start_files.routes.routes - INFO - Rendering buying page
2024-09-20 00:33:04,263 - start_files.routes.routes - INFO - Rendering buying page
2024-09-20 00:33:57,892 - start_files.routes.routes - INFO - Rendering buying page
2024-09-20 00:34:11,355 - start_files.routes.routes - INFO - Rendering buying page
2024-09-20 00:34:18,195 - start_files.routes.routes - INFO - Rendering buying page
2024-09-20 00:35:07,318 - start_files.routes.routes - INFO - Rendering buying page
2024-09-20 00:35:48,731 - start_files.routes.routes - INFO - Rendering buying page
2024-09-20 00:38:20,884 - start_files.routes.routes - INFO - Rendering buying page
2024-09-20 00:39:02,341 - start_files.routes.routes - INFO - Rendering buying page
2024-09-20 00:39:02,860 - start_files.routes.routes - INFO - Rendering buying page
2024-09-20 00:41:07,801 - start_files.routes.routes - INFO - Rendering home page
2024-09-20 00:41:08,617 - start_files.routes.routes - INFO - Rendering home page
2024-09-20 00:41:10,524 - start_files.routes.routes - INFO - Rendering home page
2024-09-20 00:42:13,917 - start_files.routes.routes - INFO - Rendering buying page
2024-09-20 00:42:26,665 - start_files.routes.routes - INFO - Rendering buying page
2024-09-20 00:45:10,612 - start_files.routes.routes - INFO - Rendering buying page
2024-09-20 00:45:24,151 - start_files.routes.routes - INFO - Rendering buying page
2024-09-20 00:46:00,965 - start_files.routes.routes - INFO - Rendering buying page
2024-09-20 00:50:13,460 - start_files.routes.routes - INFO - Rendering buying page
2024-09-20 00:50:16,802 - start_files.routes.routes - INFO - Rendering buying page
2024-09-20 00:51:45,415 - start_files.routes.routes - INFO - Rendering buying page
2024-09-20 00:51:55,771 - start_files.routes.routes - INFO - Rendering buying page
2024-09-20 00:52:48,466 - start_files.routes.routes - INFO - Rendering buying page
2024-09-20 00:52:56,926 - start_files.routes.routes - INFO - Rendering buying page
2024-09-20 00:54:17,248 - start_files.routes.routes - INFO - Rendering home page
2024-09-20 00:54:19,787 - start_files.routes.routes - INFO - Rendering buying page
2024-09-20 00:57:12,023 - start_files.routes.routes - INFO - Rendering buying page
2024-09-20 00:57:12,373 - start_files.routes.routes - INFO - Rendering buying page
2024-09-20 00:57:36,666 - start_files.routes.routes - INFO - Rendering buying page
2024-09-20 00:57:42,658 - start_files.routes.routes - INFO - Rendering buying page
2024-09-20 00:59:13,932 - start_files.routes.routes - INFO - Rendering home page
2024-09-20 00:59:33,363 - start_files.routes.routes - INFO - Rendering home page
2024-09-20 01:01:14,664 - start_files.routes.routes - INFO - Rendering buying page
2024-09-20 01:01:51,462 - start_files.routes.routes - INFO - Rendering buying page
2024-09-20 01:06:12,599 - start_files.routes.routes - INFO - Rendering buying page
2024-09-20 01:06:45,009 - start_files.routes.routes - INFO - Rendering buying page
2024-09-20 01:06:57,832 - start_files.routes.routes - INFO - Rendering buying page
2024-09-20 01:07:11,086 - start_files.routes.routes - INFO - Rendering buying page
2024-09-20 01:07:13,734 - start_files.routes.routes - INFO - Rendering buying page
2024-09-20 01:07:14,051 - start_files.routes.routes - INFO - Rendering home page
2024-09-20 01:07:20,528 - start_files.routes.routes - INFO - Rendering buying page
2024-09-20 01:07:46,058 - start_files.routes.routes - INFO - Rendering buying page
2024-09-20 01:08:13,573 - start_files.routes.routes - INFO - Rendering buying page
2024-09-20 01:08:19,255 - start_files.routes.routes - INFO - Rendering buying page
2024-09-20 01:08:27,795 - start_files.routes.routes - INFO - Rendering buying page
2024-09-20 01:08:39,995 - start_files.routes.routes - INFO - Rendering buying page
2024-09-20 01:08:48,843 - start_files.routes.routes - INFO - Rendering home page
2024-09-20 01:09:34,898 - start_files.routes.routes - INFO - Rendering buying page
2024-09-20 01:09:34,938 - start_files.routes.routes - INFO - Rendering buying page
2024-09-20 01:11:02,003 - start_files.routes.routes - INFO - Rendering buying page
2024-09-20 01:14:29,676 - start_files.routes.routes - INFO - Rendering buying page
2024-09-20 01:14:39,344 - start_files.routes.routes - INFO - Rendering buying page
2024-09-20 01:17:16,664 - start_files.routes.routes - INFO - Rendering buying page
2024-09-20 01:17:31,896 - start_files.routes.routes - INFO - Rendering buying page
2024-09-20 01:19:27,588 - start_files.routes.routes - INFO - Rendering buying page
2024-09-20 01:19:27,632 - start_files.routes.routes - INFO - Rendering buying page
2024-09-20 01:19:41,466 - start_files.routes.routes - INFO - Rendering buying page
2024-09-20 01:19:55,594 - start_files.routes.routes - INFO - Rendering buying page
2024-09-20 01:20:49,745 - start_files.routes.routes - INFO - Rendering buying page
2024-09-20 01:23:41,894 - start_files.routes.routes - INFO - Rendering buying page
2024-09-20 01:23:48,658 - start_files.routes.routes - INFO - Rendering buying page
2024-09-20 01:26:00,695 - start_files.routes.routes - INFO - Rendering home page
2024-09-20 01:29:50,621 - start_files.routes.routes - INFO - Rendering buying page
2024-09-20 01:30:03,560 - start_files.routes.routes - INFO - Rendering buying page
2024-09-20 01:32:48,535 - start_files.routes.routes - INFO - Rendering buying page
2024-09-20 01:32:58,681 - start_files.routes.routes - INFO - Rendering buying page
2024-09-20 01:35:22,570 - start_files.routes.routes - INFO - Rendering buying page
2024-09-20 01:36:57,500 - start_files.routes.routes - INFO - Rendering buying page
2024-09-20 01:37:02,862 - start_files.routes.routes - INFO - Rendering buying page
2024-09-20 01:39:07,367 - start_files.routes.routes - INFO - Rendering buying page
2024-09-20 01:39:16,682 - start_files.routes.routes - INFO - Rendering buying page
